#-----------------------------------------------------------
# Vivado v2018.2 (64-bit)
# SW Build 2258646 on Thu Jun 14 20:03:12 MDT 2018
# IP Build 2256618 on Thu Jun 14 22:10:49 MDT 2018
# Start of session at: Tue Dec 18 11:55:00 2018
# Process ID: 17792
# Current directory: D:/BilkentBooks/CS223/project/Sample_Projects/RGB_display_8X8/prj_simple_animation
# Command line: vivado.exe -gui_launcher_event rodinguilauncherevent14312 D:\BilkentBooks\CS223\project\Sample_Projects\RGB_display_8X8\prj_simple_animation\display_8X8.xpr
# Log file: D:/BilkentBooks/CS223/project/Sample_Projects/RGB_display_8X8/prj_simple_animation/vivado.log
# Journal file: D:/BilkentBooks/CS223/project/Sample_Projects/RGB_display_8X8/prj_simple_animation\vivado.jou
#-----------------------------------------------------------
start_gui
open_project -read_only D:/BilkentBooks/CS223/project/Sample_Projects/RGB_display_8X8/prj_simple_animation/display_8X8.xpr
INFO: [ProjectBase 1-489] The host OS only allows 260 characters in a normal path. The project is stored in a path with more than 80 characters. If you experience issues with IP, Block Designs, or files not being found, please consider moving the project to a location with a shorter path. Alternately consider using the OS subst command to map part of the path to a drive letter.
Current project path is 'D:/BilkentBooks/CS223/project/Sample_Projects/RGB_display_8X8/prj_simple_animation'
INFO: [Project 1-313] Project file moved from 'C:/Users/hamze/Desktop/RGB_display_8X8/Simple_Animation_netlist_modules' since last save.
Scanning sources...
Finished scanning sources
WARNING: [Project 1-229] Project 'display_8X8.xpr' is read-only and therefore could not be upgraded for this version of Vivado.  Use 'File | Save Project As...' if you wish to save an upgraded copy.
INFO: [IP_Flow 19-234] Refreshing IP repositories
INFO: [IP_Flow 19-1704] No user IP repositories specified
INFO: [IP_Flow 19-2313] Loaded Vivado IP repository 'D:/xilinx/Vivado/2018.2/data/ip'.
open_project: Time (s): cpu = 00:00:15 ; elapsed = 00:00:09 . Memory (MB): peak = 819.746 ; gain = 88.340
update_compile_order -fileset sources_1
exit
INFO: [Common 17-206] Exiting Vivado at Tue Dec 18 20:19:52 2018...
