#-----------------------------------------------------------
# Vivado v2018.2 (64-bit)
# SW Build 2258646 on Thu Jun 14 20:03:12 MDT 2018
# IP Build 2256618 on Thu Jun 14 22:10:49 MDT 2018
# Start of session at: Wed Dec 19 16:03:56 2018
# Process ID: 13572
# Current directory: D:/BilkentBooks/CS223/project/Sample_Projects/keypad_7seg/prj_keypad_7seg
# Command line: vivado.exe -gui_launcher_event rodinguilauncherevent8488 D:\BilkentBooks\CS223\project\Sample_Projects\keypad_7seg\prj_keypad_7seg\keypad_7seg.xpr
# Log file: D:/BilkentBooks/CS223/project/Sample_Projects/keypad_7seg/prj_keypad_7seg/vivado.log
# Journal file: D:/BilkentBooks/CS223/project/Sample_Projects/keypad_7seg/prj_keypad_7seg\vivado.jou
#-----------------------------------------------------------
start_gui
open_project D:/BilkentBooks/CS223/project/Sample_Projects/keypad_7seg/prj_keypad_7seg/keypad_7seg.xpr
Scanning sources...
Finished scanning sources
INFO: [IP_Flow 19-234] Refreshing IP repositories
INFO: [IP_Flow 19-1704] No user IP repositories specified
INFO: [IP_Flow 19-2313] Loaded Vivado IP repository 'D:/xilinx/Vivado/2018.2/data/ip'.
open_project: Time (s): cpu = 00:00:19 ; elapsed = 00:00:10 . Memory (MB): peak = 811.359 ; gain = 111.074
update_compile_order -fileset sources_1
exit
INFO: [Common 17-206] Exiting Vivado at Wed Dec 19 20:10:32 2018...
